<?xml version="1.0" encoding="UTF-8"?>
<!-- Generated by org.testng.reporters.JUnitReportReporter -->
<testsuite hostname="Maginthans-MacBook-Pro.local" failures="0" tests="7" name="test.LoginTest" time="248.330" errors="0" timestamp="2024-03-20T15:21:17 IST" skipped="0">
  <testcase classname="test.LoginTest" name="TC_004_LoginTest" time="44.125"/>
  <testcase classname="test.LoginTest" name="TC_004_LoginTest" time="28.383"/>
  <testcase classname="test.LoginTest" name="TC_004_LoginTest" time="28.180"/>
  <testcase classname="test.LoginTest" name="TC_004_LoginTest" time="43.394"/>
  <testcase classname="test.LoginTest" name="TC_004_LoginTest" time="43.984"/>
  <testcase classname="test.LoginTest" name="TC_004_LoginTest" time="32.104"/>
  <testcase classname="test.LoginTest" name="TC_004_LoginTest" time="28.160"/>
</testsuite> <!-- test.LoginTest -->
