<?xml version="1.0" encoding="UTF-8"?>
<!-- Generated by org.testng.reporters.JUnitReportReporter -->
<testsuite hostname="Maginthans-MacBook-Pro.local" failures="0" tests="1" name="test.ShopByBrandTest" time="28.398" errors="0" timestamp="2024-03-20T15:21:17 IST" skipped="0">
  <testcase classname="test.ShopByBrandTest" name="TC_009_shopByBrandTest" time="28.398"/>
</testsuite> <!-- test.ShopByBrandTest -->
