<?xml version="1.0" encoding="UTF-8"?>
<!-- Generated by org.testng.reporters.JUnitReportReporter -->
<testsuite hostname="Maginthans-MacBook-Pro.local" failures="0" tests="1" name="test.TC002_CountrySelectionTest" time="7.127" errors="0" timestamp="2024-03-07T02:10:33 IST" skipped="0">
  <testcase classname="test.TC002_CountrySelectionTest" name="countrySelect" time="7.127"/>
</testsuite> <!-- test.TC002_CountrySelectionTest -->
