<?xml version="1.0" encoding="UTF-8"?>
<!-- Generated by org.testng.reporters.JUnitReportReporter -->
<testsuite hostname="Maginthans-MacBook-Pro.local" failures="0" tests="1" name="test.CanadaCountrySelectionTest" time="8.659" errors="0" timestamp="2024-03-20T15:21:17 IST" skipped="0">
  <testcase classname="test.CanadaCountrySelectionTest" name="TC_002_CanadaSelectTest" time="8.659"/>
</testsuite> <!-- test.CanadaCountrySelectionTest -->
