<?xml version="1.0" encoding="UTF-8"?>
<!-- Generated by org.testng.reporters.JUnitReportReporter -->
<testsuite hostname="Maginthans-MacBook-Pro.local" failures="0" tests="1" name="test.USCountrySelectionTest" time="11.240" errors="0" timestamp="2024-03-28T10:36:59 IST" skipped="0">
  <testcase classname="test.USCountrySelectionTest" name="TC_003_UnitedStatesSelectTest" time="11.240"/>
</testsuite> <!-- test.USCountrySelectionTest -->
