<?xml version="1.0" encoding="UTF-8"?>
<!-- Generated by org.testng.reporters.JUnitReportReporter -->
<testsuite hostname="Maginthans-MacBook-Pro.local" failures="0" tests="1" name="test.CanadaCountrySelectionTest" time="10.798" errors="0" timestamp="2024-03-28T10:36:59 IST" skipped="0">
  <testcase classname="test.CanadaCountrySelectionTest" name="TC_002_CanadaSelectTest" time="10.798"/>
</testsuite> <!-- test.CanadaCountrySelectionTest -->
