<?xml version="1.0" encoding="UTF-8"?>
<!-- Generated by org.testng.reporters.JUnitReportReporter -->
<testsuite hostname="Maginthans-MacBook-Pro.local" failures="0" tests="11" name="test.SignUpTest" time="382.296" errors="0" timestamp="2024-03-20T15:21:17 IST" skipped="0">
  <testcase classname="test.SignUpTest" name="TC_005_SignUpTest" time="28.792"/>
  <testcase classname="test.SignUpTest" name="TC_005_SignUpTest" time="30.083"/>
  <testcase classname="test.SignUpTest" name="TC_005_SignUpTest" time="33.349"/>
  <testcase classname="test.SignUpTest" name="TC_005_SignUpTest" time="44.873"/>
  <testcase classname="test.SignUpTest" name="TC_005_SignUpTest" time="31.168"/>
  <testcase classname="test.SignUpTest" name="TC_005_SignUpTest" time="45.982"/>
  <testcase classname="test.SignUpTest" name="TC_005_SignUpTest" time="32.507"/>
  <testcase classname="test.SignUpTest" name="TC_005_SignUpTest" time="32.324"/>
  <testcase classname="test.SignUpTest" name="TC_005_SignUpTest" time="45.583"/>
  <testcase classname="test.SignUpTest" name="TC_005_SignUpTest" time="28.303"/>
  <testcase classname="test.SignUpTest" name="TC_005_SignUpTest" time="29.332"/>
</testsuite> <!-- test.SignUpTest -->
