<?xml version="1.0" encoding="UTF-8"?>
<!-- Generated by org.testng.reporters.JUnitReportReporter -->
<testsuite hostname="Maginthans-MacBook-Pro.local" failures="0" tests="1" name="test.ShopByDepartmentTest" time="25.871" errors="0" timestamp="2024-03-20T15:21:17 IST" skipped="0">
  <testcase classname="test.ShopByDepartmentTest" name="TC_008_shopByDepartmentTest" time="25.871"/>
</testsuite> <!-- test.ShopByDepartmentTest -->
