<?xml version="1.0" encoding="UTF-8"?>
<!-- Generated by org.testng.reporters.JUnitReportReporter -->
<testsuite hostname="Maginthans-MacBook-Pro.local" failures="0" tests="2" name="test.TC001_CountrySelectionTest" time="10.659" errors="0" timestamp="2024-03-06T22:04:38 IST" skipped="0">
  <testcase classname="test.TC001_CountrySelectionTest" name="countrySelect" time="2.665"/>
  <testcase classname="test.TC001_CountrySelectionTest" name="countrySelect" time="7.994"/>
</testsuite> <!-- test.TC001_CountrySelectionTest -->
