<?xml version="1.0" encoding="UTF-8"?>
<!-- Generated by org.testng.reporters.JUnitReportReporter -->
<testsuite hostname="Maginthans-MacBook-Pro.local" failures="0" tests="1" name="test.ShopByBrandTest" time="27.189" errors="0" timestamp="2024-03-28T10:36:59 IST" skipped="0">
  <testcase classname="test.ShopByBrandTest" name="TC_009_shopByBrandTest" time="27.189"/>
</testsuite> <!-- test.ShopByBrandTest -->
