<?xml version="1.0" encoding="UTF-8"?>
<!-- Generated by org.testng.reporters.JUnitReportReporter -->
<testsuite hostname="Maginthans-MacBook-Pro.local" failures="0" tests="1" name="test.TitlesTest" time="19.407" errors="0" timestamp="2024-03-17T19:56:01 IST" skipped="0">
  <testcase classname="test.TitlesTest" name="TC_006_TitleTest" time="19.407"/>
</testsuite> <!-- test.TitlesTest -->
