<?xml version="1.0" encoding="UTF-8"?>
<!-- Generated by org.testng.reporters.JUnitReportReporter -->
<testsuite hostname="Maginthans-MacBook-Pro.local" failures="0" tests="1" name="test.TitlesTest" time="47.235" errors="0" timestamp="2024-03-20T15:21:17 IST" skipped="0">
  <testcase classname="test.TitlesTest" name="TC_006_TitlesTest" time="47.235"/>
</testsuite> <!-- test.TitlesTest -->
