<?xml version="1.0" encoding="UTF-8"?>
<!-- Generated by org.testng.reporters.JUnitReportReporter -->
<testsuite hostname="Maginthans-MacBook-Pro.local" failures="0" tests="1" name="test.SearchAndAddItemToCartTest" time="26.945" errors="0" timestamp="2024-03-20T15:21:17 IST" skipped="0">
  <testcase classname="test.SearchAndAddItemToCartTest" name="TC_010_SearchAndAddItemToCartTest" time="26.945"/>
</testsuite> <!-- test.SearchAndAddItemToCartTest -->
