<?xml version="1.0" encoding="UTF-8"?>
<!-- Generated by org.testng.reporters.JUnitReportReporter -->
<testsuite hostname="Maginthans-MacBook-Pro.local" failures="0" tests="2" name="test.BrokenURLValidationTest" time="32.724" errors="0" timestamp="2024-03-19T02:14:08 IST" skipped="0">
  <testcase classname="test.BrokenURLValidationTest" name="TC_001_URLValidation" time="16.615"/>
  <testcase classname="test.BrokenURLValidationTest" name="TC_001_URLValidation" time="16.109"/>
</testsuite> <!-- test.BrokenURLValidationTest -->
